A D/org.apache.ant_1.4.1////
A D/org.apache.ant_1.5.1////
A D/org.apache.ant_1.5.2////
A D/org.apache.ant_1.5.3////
A D/org.apache.ant_1.5.4////
A D/org.apache.ant_1.6.0////
A D/org.apache.ant_1.6.1////
A D/org.apache.ant_1.6.2////
A D/org.apache.ant_1.6.3////
A D/org.apache.ant_1.6.4////
A D/org.apache.ant_1.6.5////
A D/org.apache.ant_1.7.0.v200704241635////
A D/org.apache.ant_1.7.0.v200705232135////
A D/org.apache.ant_1.7.0.v200706080842////
A D/org.apache.ant_1.7.0.v200711021030////
A D/org.apache.ant_1.7.0.v200803061910////
A D/org.apache.ant_1.7.1////
A D/org.apache.ant_1.7.1.v20090120-1145////
A D/org.apache.lucene_1.2.0////
A D/org.apache.lucene_1.3.0////
A D/org.apache.lucene_1.4.103.v20051212////
A D/org.apache.lucene_1.4.103.v20060320////
A D/org.apache.lucene_1.4.103.v20060406////
A D/org.apache.lucene_1.4.103.v20060426////
A D/org.apache.lucene_1.4.103.v20060510a////
A D/org.apache.lucene_1.4.103.v20060601////
A D/org.apache.lucene_1.4.103.v20070115////
A D/org.apache.lucene_1.4.3////
A D/org.apache.xerces_4.0.13////
A D/org.apache.xerces_4.0.3////
A D/org.apache.xerces_4.0.7////
A D/org.eclipse.ant.core_2.0.0////
A D/org.eclipse.ant.core_2.1.0////
A D/org.eclipse.ant.core_2.1.1////
A D/org.eclipse.ant.core_2.1.3////
A D/org.eclipse.ant.core_3.0.0////
A D/org.eclipse.ant.core_3.1.0////
A D/org.eclipse.ant.ui_3.0.0////
A D/org.eclipse.build.tools////
A D/org.eclipse.compare_3.0.0////
A D/org.eclipse.core.boot_2.0.0////
A D/org.eclipse.core.boot_2.1.0////
A D/org.eclipse.core.boot_2.1.1////
A D/org.eclipse.core.boot_2.1.2////
A D/org.eclipse.core.boot_2.1.3////
A D/org.eclipse.core.boot_3.0.0////
A D/org.eclipse.core.commands_3.1.0////
A D/org.eclipse.core.expressions_3.0.0////
A D/org.eclipse.core.expressions_3.1.0////
A D/org.eclipse.core.expressions_3.2.0.v20051212-0800////
A D/org.eclipse.core.expressions_3.2.0.v20060213-1600////
A D/org.eclipse.core.expressions_3.2.0.v20060215-1200////
A D/org.eclipse.core.expressions_3.2.0.v20060329-1600////
A D/org.eclipse.core.filebuffers_3.0.0////
A D/org.eclipse.core.filebuffers_3.1.0////
A D/org.eclipse.core.resources.compatibility_3.1.0////
A D/org.eclipse.core.resources.linux_2.0.0////
A D/org.eclipse.core.resources.linux_2.1.0////
A D/org.eclipse.core.resources.linux_3.0.0////
A D/org.eclipse.core.resources.win32_2.1.0////
A D/org.eclipse.core.resources.win32_3.0.0////
A D/org.eclipse.core.resources_2.0.0////
A D/org.eclipse.core.resources_2.1.0////
A D/org.eclipse.core.resources_2.1.1////
A D/org.eclipse.core.resources_3.0.0////
A D/org.eclipse.core.resources_3.1.0////
A D/org.eclipse.core.runtime.compatibility.registry_3.2.0.v20060210////
A D/org.eclipse.core.runtime.compatibility.registry_3.2.0.v20060215a////
A D/org.eclipse.core.runtime.compatibility.registry_3.2.0.v20060411////
A D/org.eclipse.core.runtime.compatibility.registry_3.2.0.v20060426////
A D/org.eclipse.core.runtime.compatibility.registry_3.2.0.v20060602////
A D/org.eclipse.core.runtime.compatibility.registry_3.2.0.v20060603////
A D/org.eclipse.core.runtime.compatibility.registry_3.2.1.R32x_v20060907////
A D/org.eclipse.core.runtime.compatibility.registry_3.2.100.v20060828////
A D/org.eclipse.core.runtime.compatibility.registry_3.2.100.v20070316////
A D/org.eclipse.core.runtime.compatibility.registry_3.2.200.v20070717////
A D/org.eclipse.core.runtime.compatibility_3.0.0////
A D/org.eclipse.core.runtime.compatibility_3.1.0////
A D/org.eclipse.core.runtime_2.0.0////
A D/org.eclipse.core.runtime_2.1.0////
A D/org.eclipse.core.runtime_2.1.1////
A D/org.eclipse.core.runtime_3.0.0////
A D/org.eclipse.core.runtime_3.1.0////
A D/org.eclipse.core.variables_3.0.0////
A D/org.eclipse.core.variables_3.1.0////
A D/org.eclipse.debug.core_3.0.0////
A D/org.eclipse.debug.ui_3.0.0////
A D/org.eclipse.equinox.launcher.carbon.macosx_1.0.100.v20080509-1800////
A D/org.eclipse.equinox.launcher.carbon.macosx_1.0.101.R34x_v20080731////
A D/org.eclipse.equinox.launcher.carbon.macosx_1.0.200.v20080807-1120////
A D/org.eclipse.equinox.launcher.gtk.linux.ppc_1.0.0.v20070208a////
A D/org.eclipse.equinox.launcher.gtk.linux.ppc_1.0.0.v20070318////
A D/org.eclipse.equinox.launcher.gtk.linux.ppc_1.0.0.v20070426////
A D/org.eclipse.equinox.launcher.gtk.linux.ppc_1.0.0.v20070516////
A D/org.eclipse.equinox.launcher.gtk.linux.ppc_1.0.0.v20070606////
A D/org.eclipse.equinox.launcher.gtk.linux.ppc_1.0.100.v20070730////
A D/org.eclipse.equinox.launcher.gtk.linux.ppc_1.0.100.v20070827////
A D/org.eclipse.equinox.launcher.gtk.linux.ppc_1.0.100.v20071015////
A D/org.eclipse.equinox.launcher.gtk.linux.ppc_1.0.100.v20071112////
A D/org.eclipse.equinox.launcher.gtk.linux.ppc_1.0.100.v20080201////
A D/org.eclipse.equinox.launcher.gtk.linux.ppc_1.0.100.v20080303////
A D/org.eclipse.equinox.launcher.gtk.linux.ppc_1.0.100.v20080428-1330////
A D/org.eclipse.equinox.launcher.gtk.linux.ppc_1.0.2.R33x_v20071005////
A D/org.eclipse.equinox.launcher.gtk.linux.x86_1.0.0.v20070208a////
A D/org.eclipse.equinox.launcher.gtk.linux.x86_1.0.0.v20070318////
A D/org.eclipse.equinox.launcher.gtk.linux.x86_1.0.0.v20070426////
A D/org.eclipse.equinox.launcher.gtk.linux.x86_1.0.0.v20070516////
A D/org.eclipse.equinox.launcher.gtk.linux.x86_1.0.0.v20070606////
A D/org.eclipse.equinox.launcher.gtk.linux.x86_1.0.100.v20070730////
A D/org.eclipse.equinox.launcher.gtk.linux.x86_1.0.100.v20070827////
A D/org.eclipse.equinox.launcher.gtk.linux.x86_1.0.100.v20071015////
A D/org.eclipse.equinox.launcher.gtk.linux.x86_1.0.100.v20071112////
A D/org.eclipse.equinox.launcher.gtk.linux.x86_1.0.100.v20080201////
A D/org.eclipse.equinox.launcher.gtk.linux.x86_1.0.100.v20080303////
A D/org.eclipse.equinox.launcher.gtk.linux.x86_1.0.100.v20080428-1330////
A D/org.eclipse.equinox.launcher.gtk.linux.x86_1.0.100.v20080509-1800////
A D/org.eclipse.equinox.launcher.gtk.linux.x86_1.0.100.v20080606////
A D/org.eclipse.equinox.launcher.gtk.linux.x86_1.0.101.R34x_v20080805////
A D/org.eclipse.equinox.launcher.gtk.linux.x86_1.0.2.R33x_v20071005////
A D/org.eclipse.equinox.launcher.gtk.linux.x86_1.0.200.v20080805////
A D/org.eclipse.equinox.launcher.gtk.linux.x86_1.0.200.v20081124-1800////
A D/org.eclipse.equinox.launcher.gtk.linux.x86_1.0.200.v20090306-1900////
A D/org.eclipse.equinox.launcher.win32.win32.x86_1.0.0.v20070208a////
A D/org.eclipse.equinox.launcher.win32.win32.x86_1.0.0.v20070318////
A D/org.eclipse.equinox.launcher.win32.win32.x86_1.0.0.v20070426////
A D/org.eclipse.equinox.launcher.win32.win32.x86_1.0.0.v20070516////
A D/org.eclipse.equinox.launcher.win32.win32.x86_1.0.0.v20070523////
A D/org.eclipse.equinox.launcher.win32.win32.x86_1.0.100.v20070730////
A D/org.eclipse.equinox.launcher.win32.win32.x86_1.0.100.v20070827////
A D/org.eclipse.equinox.launcher.win32.win32.x86_1.0.100.v20071015////
A D/org.eclipse.equinox.launcher.win32.win32.x86_1.0.100.v20071112////
A D/org.eclipse.equinox.launcher.win32.win32.x86_1.0.100.v20080201a////
A D/org.eclipse.equinox.launcher.win32.win32.x86_1.0.100.v20080501////
A D/org.eclipse.equinox.launcher.win32.win32.x86_1.0.100.v20080509-1800////
A D/org.eclipse.equinox.launcher.win32.win32.x86_1.0.101.R34x_v20080731////
A D/org.eclipse.equinox.launcher.win32.win32.x86_1.0.2.R33x_v20071005////
A D/org.eclipse.equinox.launcher.win32.win32.x86_1.0.200.v20080731-1700////
A D/org.eclipse.equinox.launcher.win32.win32.x86_1.0.200.v20081124-1800////
A D/org.eclipse.equinox.launcher.win32.win32.x86_1.0.200.v20090306-1900////
A D/org.eclipse.help.base_3.1.0////
A D/org.eclipse.help.webapp_3.1.0////
A D/org.eclipse.help_2.0.0////
A D/org.eclipse.help_3.0.0////
A D/org.eclipse.jdt.core_2.0.0////
A D/org.eclipse.jdt.core_2.1.0////
A D/org.eclipse.jdt.core_2.1.1////
A D/org.eclipse.jdt.core_2.1.2////
A D/org.eclipse.jdt.core_2.1.3////
A D/org.eclipse.jdt.core_3.0.0////
A D/org.eclipse.jdt.core_3.1.0////
A D/org.eclipse.jdt.debug_3.2.0.v20051209////
A D/org.eclipse.jdt.debug_3.2.0.v20051214c////
A D/org.eclipse.jdt.debug_3.2.0.v20060213c////
A D/org.eclipse.jdt.debug_3.2.0.v20060215d////
A D/org.eclipse.jdt.debug_3.2.0.v20060216d////
A D/org.eclipse.jdt.debug_3.2.0.v20060329b////
A D/org.eclipse.jdt.debug_3.2.0.v20060411////
A D/org.eclipse.jdt.debug_3.2.0.v20060427////
A D/org.eclipse.jdt.debug_3.2.0.v20060505////
A D/org.eclipse.jdt.debug_3.2.0.v20060511b////
A D/org.eclipse.jdt.debug_3.2.0.v20060518////
A D/org.eclipse.jdt.debug_3.2.0.v20060601////
A D/org.eclipse.jdt.debug_3.2.0.v20060605////
A D/org.eclipse.jdt.debug_3.2.1.r321_v20060731////
A D/org.eclipse.jdt.debug_3.2.100.v20060803d////
A D/org.eclipse.jdt.debug_3.2.100.v20060809////
A D/org.eclipse.jdt.debug_3.2.100.v20060918-1600////
A D/org.eclipse.jdt.debug_3.2.100.v20060920////
A D/org.eclipse.jdt.debug_3.2.100.v20061031////
A D/org.eclipse.jdt.debug_3.2.100.v20061211////
A D/org.eclipse.jdt.debug_3.2.100.v20070207a////
A D/org.eclipse.jdt.debug_3.2.100.v20070323////
A D/org.eclipse.jdt.debug_3.3.0.v20070501////
A D/org.eclipse.jdt.debug_3.3.0.v20070511////
A D/org.eclipse.jdt.debug_3.3.0.v20070524a////
A D/org.eclipse.jdt.debug_3.3.0.v20070530a////
A D/org.eclipse.jdt.debug_3.3.1.v20070719_r331////
A D/org.eclipse.jdt.debug_3.4.0.v20070802////
A D/org.eclipse.jdt.debug_3.4.0.v20070919-1800////
A D/org.eclipse.jdt.debug_3.4.0.v20071031////
A D/org.eclipse.jdt.debug_3.4.0.v20071207////
A D/org.eclipse.jdt.debug_3.4.0.v20080206////
A D/org.eclipse.jdt.debug_3.4.0.v20080326-1800////
A D/org.eclipse.jdt.debug_3.4.0.v20080430-1630////
A D/org.eclipse.jdt.debug_3.4.0.v20080514-1618////
A D/org.eclipse.jdt.debug_3.4.0.v20080521////
A D/org.eclipse.jdt.debug_3.4.0.v20080604////
A D/org.eclipse.jdt.debug_3.4.0.v20080915-1600////
A D/org.eclipse.jdt.debug_3.4.0.v20081024-1630////
A D/org.eclipse.jdt.debug_3.4.0.v20081124////
A D/org.eclipse.jdt.debug_3.4.0.v200812050-1330////
A D/org.eclipse.jdt.debug_3.4.0.v20090119////
A D/org.eclipse.jdt.debug_3.4.1.v20081216_r342////
A D/org.eclipse.jdt.debug_3.5.0.v20090309-1600////
A D/org.eclipse.jdt.debug_3.5.0.v20090311-2220////
A D/org.eclipse.jdt.debug_3.5.0.v20090429////
A D/org.eclipse.jdt.debug_3.5.0.v20090512////
A D/org.eclipse.jface.text_2.1.0////
A D/org.eclipse.jface.text_3.0.0////
A D/org.eclipse.jface_2.1.0////
A D/org.eclipse.jface_2.1.1////
A D/org.eclipse.jface_2.1.3////
A D/org.eclipse.jface_3.0.0////
A D/org.eclipse.jface_3.1.0////
A D/org.eclipse.osgi.services_3.0.0////
A D/org.eclipse.osgi.util_3.0.0////
A D/org.eclipse.osgi_3.0.0////
A D/org.eclipse.osgi_3.1.0////
A D/org.eclipse.pde.api.tools.ee.cdcfoundation10_1.0.0.200901281111////
A D/org.eclipse.pde.api.tools.ee.cdcfoundation11_1.0.0.200901281111////
A D/org.eclipse.pde.api.tools.ee.j2se12_1.0.0.200901281111////
A D/org.eclipse.pde.api.tools.ee.j2se13_1.0.0.200901281111////
A D/org.eclipse.pde.api.tools.ee.j2se14_1.0.0.200901281111////
A D/org.eclipse.pde.api.tools.ee.j2se15_1.0.0.200901281111////
A D/org.eclipse.pde.api.tools.ee.javase16_1.0.0.200901281111////
A D/org.eclipse.pde.api.tools.ee.jre11_1.0.0.200901281111////
A D/org.eclipse.pde.api.tools.ee.osgiminimum10_1.0.0.200901281111////
A D/org.eclipse.pde.api.tools.ee.osgiminimum11_1.0.0.200901281111////
A D/org.eclipse.pde.api.tools.ee.osgiminimum12_1.0.0.200901281111////
A D/org.eclipse.pde.api.tools.ee.osgiminimum12_1.0.1.200904031014////
A D/org.eclipse.pde.build////
A D/org.eclipse.pde.build_2.0.0////
A D/org.eclipse.pde.build_2.1.0////
A D/org.eclipse.pde.build_2.1.3////
A D/org.eclipse.pde.build_3.0.0////
A D/org.eclipse.pde.build_3.1.0////
A D/org.eclipse.pde.build_3.1.1////
A D/org.eclipse.pde.build_3.2.0////
A D/org.eclipse.pde.build_3.2.0.200510181009////
A D/org.eclipse.pde.build_3.2.0.200510211604////
A D/org.eclipse.pde.build_3.2.0.200510231426////
A D/org.eclipse.pde.build_3.3.0.v20070430-1700////
A D/org.eclipse.pde.build_3.3.2.v20071019////
A D/org.eclipse.pde.build_3.4.0.20080514////
A D/org.eclipse.pde.build_3.4.0.200805141623////
A D/org.eclipse.pde.build_3.4.0.v20080323////
A D/org.eclipse.pde.build_3.4.0.v20080430////
A D/org.eclipse.pde.build_3.4.0.v20080514////
A D/org.eclipse.pde.build_3.4.0.v20080522////
A D/org.eclipse.pde.build_3.4.0.v20080528////
A D/org.eclipse.pde.build_3.4.0.v20080604////
A D/org.eclipse.pde.build_3.4.1.R34x_v20080805////
A D/org.eclipse.pde.build_3.4.1.R34x_v20081217////
A D/org.eclipse.pde.build_3.5.0.200811041131////
A D/org.eclipse.pde.build_3.5.0.200812051706////
A D/org.eclipse.pde.build_3.5.0.200904201150////
A D/org.eclipse.pde.build_3.5.0.200904251517////
A D/org.eclipse.pde.build_3.5.0.N20081008-2000////
A D/org.eclipse.pde.build_3.5.0.N20081105-2000////
A D/org.eclipse.pde.build_3.5.0.N20090121-2000////
A D/org.eclipse.pde.build_3.5.0.N20090416-2000////
A D/org.eclipse.pde.build_3.5.0.N20090422-2000////
A D/org.eclipse.pde.build_3.5.0.v20080912////
A D/org.eclipse.pde.build_3.5.0.v20081029////
A D/org.eclipse.pde.build_3.5.0.v20081103////
A D/org.eclipse.pde.build_3.5.0.v20081117////
A D/org.eclipse.pde.build_3.5.0.v20081201////
A D/org.eclipse.pde.build_3.5.0.v20081210////
A D/org.eclipse.pde.build_3.5.0.v20090119////
A D/org.eclipse.pde.build_3.5.0.v20090126-2010////
A D/org.eclipse.pde.build_3.5.0.v20090129////
A D/org.eclipse.pde.build_3.5.0.v20090223////
A D/org.eclipse.pde.build_3.5.0.v20090309-1845////
A D/org.eclipse.pde.build_3.5.0.v20090311-1900////
A D/org.eclipse.pde.build_3.5.0.v20090312-1500////
A D/org.eclipse.pde.build_3.5.0.v20090330////
A D/org.eclipse.pde.build_3.5.0.v20090413////
A D/org.eclipse.pde.build_3.5.0.v20090420////
A D/org.eclipse.pde.build_3.5.0.v200904271100////
A D/org.eclipse.pde.build_3.5.0.v20090430-1420////
A D/org.eclipse.pde.build_3.5.0.v20090511-1742////
A D/org.eclipse.pde.core_2.1.0////
A D/org.eclipse.pde.core_2.1.2////
A D/org.eclipse.pde.core_3.0.0////
A D/org.eclipse.pde.core_3.1.0////
A D/org.eclipse.pde_2.1.0////
A D/org.eclipse.pde_3.0.0////
A D/org.eclipse.pde_3.0.1////
A D/org.eclipse.pde_3.1.0////
A D/org.eclipse.platform.source.linux.motif.x86_3.0.0////
A D/org.eclipse.sdk.linux.motif_2.1.0////
A D/org.eclipse.search_3.0.0////
A D/org.eclipse.swt.gtk_3.0.0////
A D/org.eclipse.swt.motif_2.1.0////
A D/org.eclipse.swt.motif_2.1.2////
A D/org.eclipse.swt.motif_2.1.3////
A D/org.eclipse.swt.motif_3.0.0////
A D/org.eclipse.swt.motif_3.1.0////
A D/org.eclipse.swt.win32_2.1.0////
A D/org.eclipse.swt.win32_2.1.2////
A D/org.eclipse.swt.win32_2.1.3////
A D/org.eclipse.swt.win32_3.0.0////
A D/org.eclipse.swt.win32_3.1.0////
A D/org.eclipse.swt_2.1.0////
A D/org.eclipse.swt_2.1.2////
A D/org.eclipse.swt_2.1.3////
A D/org.eclipse.swt_3.0.0////
A D/org.eclipse.swt_3.1.0////
A D/org.eclipse.team.core_2.1.0////
A D/org.eclipse.team.core_2.1.1////
A D/org.eclipse.team.core_2.1.3////
A D/org.eclipse.team.core_3.0.0////
A D/org.eclipse.team.core_3.1.0////
A D/org.eclipse.team.ui_3.0.0////
A D/org.eclipse.test.performance.ui////
A D/org.eclipse.test.performance_3.1.0////
A D/org.eclipse.tests.performance.ui////
A D/org.eclipse.text_2.1.0////
A D/org.eclipse.text_3.0.0////
A D/org.eclipse.text_3.1.0////
A D/org.eclipse.ui.cheatsheets_3.0.0////
A D/org.eclipse.ui.externaltools_3.0.0////
A D/org.eclipse.ui.forms_3.0.0////
A D/org.eclipse.ui.ide_3.0.0////
A D/org.eclipse.ui.intro_3.0.0////
A D/org.eclipse.ui.intro_3.1.0////
A D/org.eclipse.ui.win32_3.0.0////
A D/org.eclipse.ui.workbench.compatibility_3.0.0////
A D/org.eclipse.ui.workbench.compatibility_3.1.0////
A D/org.eclipse.ui.workbench.compatibility_3.2.0////
A D/org.eclipse.ui.workbench.texteditor_3.0.0////
A D/org.eclipse.ui.workbench_3.0.0////
A D/org.eclipse.ui.workbench_3.1.0////
A D/org.eclipse.ui_3.0.0////
A D/org.eclipse.ui_3.1.0////
A D/org.eclipse.update.configurator_3.0.0////
A D/org.eclipse.update.core.linux_2.0.0////
A D/org.eclipse.update.core.linux_2.1.0////
A D/org.eclipse.update.core.linux_3.0.0////
A D/org.eclipse.update.core.win32_2.1.0////
A D/org.eclipse.update.core.win32_3.0.0////
A D/org.eclipse.update.core_2.0.0////
A D/org.eclipse.update.core_2.1.0////
A D/org.eclipse.update.core_3.0.0////
A D/org.junit_3.8.1////
A D/org.junit_3.8.2////
A D/org.junit_3.8.2.v200701261102////
A D/org.junit_3.8.2.v200705250844////
A D/org.junit_3.8.2.v200706111738////
A D/org.junit_3.8.2.v200711021030////
A D/org.junit_3.8.2.v20080327////
A D/org.junit_3.8.2.v20080602-1318////
A D/org.junit_3.8.2.v20090203-1005////
A D/plugins////
R D/plugins////
R D/org.junit_3.8.2.v20080602-1318////
R D/org.junit_3.8.2.v20080327////
R D/org.junit_3.8.2.v200711021030////
R D/org.junit_3.8.2.v200706111738////
R D/org.junit_3.8.2.v200705250844////
R D/org.junit_3.8.2.v200701261102////
R D/org.junit_3.8.2////
R D/org.junit_3.8.1////
R D/org.eclipse.update.core_3.0.0////
R D/org.eclipse.update.core_2.1.0////
R D/org.eclipse.update.core_2.0.0////
R D/org.eclipse.update.core.win32_3.0.0////
R D/org.eclipse.update.core.win32_2.1.0////
R D/org.eclipse.update.core.linux_3.0.0////
R D/org.eclipse.update.core.linux_2.1.0////
R D/org.eclipse.update.core.linux_2.0.0////
R D/org.eclipse.update.configurator_3.0.0////
R D/org.eclipse.ui_3.1.0////
R D/org.eclipse.ui_3.0.0////
R D/org.eclipse.ui.workbench_3.1.0////
R D/org.eclipse.ui.workbench_3.0.0////
R D/org.eclipse.ui.workbench.texteditor_3.0.0////
R D/org.eclipse.ui.workbench.compatibility_3.2.0////
R D/org.eclipse.ui.workbench.compatibility_3.1.0////
R D/org.eclipse.ui.workbench.compatibility_3.0.0////
R D/org.eclipse.ui.win32_3.0.0////
R D/org.eclipse.ui.intro_3.1.0////
R D/org.eclipse.ui.intro_3.0.0////
R D/org.eclipse.ui.ide_3.0.0////
R D/org.eclipse.ui.forms_3.0.0////
R D/org.eclipse.ui.externaltools_3.0.0////
R D/org.eclipse.ui.cheatsheets_3.0.0////
R D/org.eclipse.text_3.1.0////
R D/org.eclipse.text_3.0.0////
R D/org.eclipse.text_2.1.0////
R D/org.eclipse.tests.performance.ui////
R D/org.eclipse.test.performance_3.1.0////
R D/org.eclipse.team.ui_3.0.0////
R D/org.eclipse.team.core_3.1.0////
R D/org.eclipse.team.core_3.0.0////
R D/org.eclipse.team.core_2.1.3////
R D/org.eclipse.team.core_2.1.1////
R D/org.eclipse.team.core_2.1.0////
R D/org.eclipse.swt_3.1.0////
R D/org.eclipse.swt_3.0.0////
R D/org.eclipse.swt_2.1.3////
R D/org.eclipse.swt_2.1.2////
R D/org.eclipse.swt_2.1.0////
R D/org.eclipse.swt.win32_3.1.0////
R D/org.eclipse.swt.win32_3.0.0////
R D/org.eclipse.swt.win32_2.1.3////
R D/org.eclipse.swt.win32_2.1.2////
R D/org.eclipse.swt.win32_2.1.0////
R D/org.eclipse.swt.motif_3.1.0////
R D/org.eclipse.swt.motif_3.0.0////
R D/org.eclipse.swt.motif_2.1.3////
R D/org.eclipse.swt.motif_2.1.2////
R D/org.eclipse.swt.motif_2.1.0////
R D/org.eclipse.swt.gtk_3.0.0////
R D/org.eclipse.search_3.0.0////
R D/org.eclipse.sdk.linux.motif_2.1.0////
R D/org.eclipse.platform.source.linux.motif.x86_3.0.0////
R D/org.eclipse.pde_3.1.0////
R D/org.eclipse.pde_3.0.1////
R D/org.eclipse.pde_3.0.0////
R D/org.eclipse.pde_2.1.0////
R D/org.eclipse.pde.core_3.1.0////
R D/org.eclipse.pde.core_3.0.0////
R D/org.eclipse.pde.core_2.1.2////
R D/org.eclipse.pde.core_2.1.0////
R D/org.eclipse.pde.build_3.5.0.v20090430-1420////
R D/org.eclipse.pde.build_3.5.0.v200904271100////
R D/org.eclipse.pde.build_3.5.0.v20090420////
R D/org.eclipse.pde.build_3.5.0.v20090413////
R D/org.eclipse.pde.build_3.5.0.v20090330////
R D/org.eclipse.pde.build_3.5.0.v20090312-1500////
R D/org.eclipse.pde.build_3.5.0.v20090311-1900////
R D/org.eclipse.pde.build_3.5.0.v20090309-1845////
R D/org.eclipse.pde.build_3.5.0.v20090223////
R D/org.eclipse.pde.build_3.5.0.v20090129////
R D/org.eclipse.pde.build_3.5.0.v20090126-2010////
R D/org.eclipse.pde.build_3.5.0.v20090119////
R D/org.eclipse.pde.build_3.5.0.v20081210////
R D/org.eclipse.pde.build_3.5.0.v20081201////
R D/org.eclipse.pde.build_3.5.0.v20081117////
R D/org.eclipse.pde.build_3.5.0.v20081103////
R D/org.eclipse.pde.build_3.5.0.v20081029////
R D/org.eclipse.pde.build_3.5.0.v20080912////
R D/org.eclipse.pde.build_3.5.0.N20090422-2000////
R D/org.eclipse.pde.build_3.5.0.N20090416-2000////
R D/org.eclipse.pde.build_3.5.0.N20090121-2000////
R D/org.eclipse.pde.build_3.5.0.N20081105-2000////
R D/org.eclipse.pde.build_3.5.0.N20081008-2000////
R D/org.eclipse.pde.build_3.5.0.200904251517////
R D/org.eclipse.pde.build_3.5.0.200904201150////
R D/org.eclipse.pde.build_3.5.0.200812051706////
R D/org.eclipse.pde.build_3.5.0.200811041131////
R D/org.eclipse.pde.build_3.4.1.R34x_v20081217////
R D/org.eclipse.pde.build_3.4.1.R34x_v20080805////
R D/org.eclipse.pde.build_3.4.0.v20080604////
R D/org.eclipse.pde.build_3.4.0.v20080528////
R D/org.eclipse.pde.build_3.4.0.v20080522////
R D/org.eclipse.pde.build_3.4.0.v20080514////
R D/org.eclipse.pde.build_3.4.0.v20080430////
R D/org.eclipse.pde.build_3.4.0.v20080323////
R D/org.eclipse.pde.build_3.4.0.200805141623////
R D/org.eclipse.pde.build_3.4.0.20080514////
R D/org.eclipse.pde.build_3.3.2.v20071019////
R D/org.eclipse.pde.build_3.3.0.v20070430-1700////
R D/org.eclipse.pde.build_3.2.0.200510231426////
R D/org.eclipse.pde.build_3.2.0.200510211604////
R D/org.eclipse.pde.build_3.2.0.200510181009////
R D/org.eclipse.pde.build_3.2.0////
R D/org.eclipse.pde.build_3.1.1////
R D/org.eclipse.pde.build_3.1.0////
R D/org.eclipse.pde.build_3.0.0////
R D/org.eclipse.pde.build_2.1.3////
R D/org.eclipse.pde.build_2.1.0////
R D/org.eclipse.pde.build_2.0.0////
R D/org.eclipse.pde.build////
R D/org.eclipse.pde.api.tools.ee.osgiminimum12_1.0.0.200901281111////
R D/org.eclipse.osgi_3.1.0////
R D/org.eclipse.osgi_3.0.0////
R D/org.eclipse.osgi.util_3.0.0////
R D/org.eclipse.osgi.services_3.0.0////
R D/org.eclipse.jface_3.1.0////
R D/org.eclipse.jface_3.0.0////
R D/org.eclipse.jface_2.1.3////
R D/org.eclipse.jface_2.1.1////
R D/org.eclipse.jface_2.1.0////
R D/org.eclipse.jface.text_3.0.0////
R D/org.eclipse.jface.text_2.1.0////
R D/org.eclipse.jdt.debug_3.5.0.v20090429////
R D/org.eclipse.jdt.debug_3.5.0.v20090311-2220////
R D/org.eclipse.jdt.debug_3.5.0.v20090309-1600////
R D/org.eclipse.jdt.debug_3.4.1.v20081216_r342////
R D/org.eclipse.jdt.debug_3.4.0.v20090119////
R D/org.eclipse.jdt.debug_3.4.0.v200812050-1330////
R D/org.eclipse.jdt.debug_3.4.0.v20081124////
R D/org.eclipse.jdt.debug_3.4.0.v20081024-1630////
R D/org.eclipse.jdt.debug_3.4.0.v20080915-1600////
R D/org.eclipse.jdt.debug_3.4.0.v20080604////
R D/org.eclipse.jdt.debug_3.4.0.v20080521////
R D/org.eclipse.jdt.debug_3.4.0.v20080514-1618////
R D/org.eclipse.jdt.debug_3.4.0.v20080430-1630////
R D/org.eclipse.jdt.debug_3.4.0.v20080326-1800////
R D/org.eclipse.jdt.debug_3.4.0.v20080206////
R D/org.eclipse.jdt.debug_3.4.0.v20071207////
R D/org.eclipse.jdt.debug_3.4.0.v20071031////
R D/org.eclipse.jdt.debug_3.4.0.v20070919-1800////
R D/org.eclipse.jdt.debug_3.4.0.v20070802////
R D/org.eclipse.jdt.debug_3.3.1.v20070719_r331////
R D/org.eclipse.jdt.debug_3.3.0.v20070530a////
R D/org.eclipse.jdt.debug_3.3.0.v20070524a////
R D/org.eclipse.jdt.debug_3.3.0.v20070511////
R D/org.eclipse.jdt.debug_3.3.0.v20070501////
R D/org.eclipse.jdt.debug_3.2.100.v20070323////
R D/org.eclipse.jdt.debug_3.2.100.v20070207a////
R D/org.eclipse.jdt.debug_3.2.100.v20061211////
R D/org.eclipse.jdt.debug_3.2.100.v20061031////
R D/org.eclipse.jdt.debug_3.2.100.v20060920////
R D/org.eclipse.jdt.debug_3.2.100.v20060918-1600////
R D/org.eclipse.jdt.debug_3.2.100.v20060809////
R D/org.eclipse.jdt.debug_3.2.100.v20060803d////
R D/org.eclipse.jdt.debug_3.2.1.r321_v20060731////
R D/org.eclipse.jdt.debug_3.2.0.v20060605////
R D/org.eclipse.jdt.debug_3.2.0.v20060601////
R D/org.eclipse.jdt.debug_3.2.0.v20060518////
R D/org.eclipse.jdt.debug_3.2.0.v20060511b////
R D/org.eclipse.jdt.debug_3.2.0.v20060505////
R D/org.eclipse.jdt.debug_3.2.0.v20060427////
R D/org.eclipse.jdt.debug_3.2.0.v20060411////
R D/org.eclipse.jdt.debug_3.2.0.v20060329b////
R D/org.eclipse.jdt.debug_3.2.0.v20060216d////
R D/org.eclipse.jdt.debug_3.2.0.v20060215d////
R D/org.eclipse.jdt.debug_3.2.0.v20060213c////
R D/org.eclipse.jdt.debug_3.2.0.v20051214c////
R D/org.eclipse.jdt.debug_3.2.0.v20051209////
R D/org.eclipse.jdt.core_3.1.0////
R D/org.eclipse.jdt.core_3.0.0////
R D/org.eclipse.jdt.core_2.1.3////
R D/org.eclipse.jdt.core_2.1.2////
R D/org.eclipse.jdt.core_2.1.1////
R D/org.eclipse.jdt.core_2.1.0////
R D/org.eclipse.jdt.core_2.0.0////
R D/org.eclipse.help_3.0.0////
R D/org.eclipse.help_2.0.0////
R D/org.eclipse.help.webapp_3.1.0////
R D/org.eclipse.help.base_3.1.0////
R D/org.eclipse.equinox.launcher.win32.win32.x86_1.0.200.v20081124-1800////
R D/org.eclipse.equinox.launcher.win32.win32.x86_1.0.200.v20080731-1700////
R D/org.eclipse.equinox.launcher.win32.win32.x86_1.0.2.R33x_v20071005////
R D/org.eclipse.equinox.launcher.win32.win32.x86_1.0.101.R34x_v20080731////
R D/org.eclipse.equinox.launcher.win32.win32.x86_1.0.100.v20080509-1800////
R D/org.eclipse.equinox.launcher.win32.win32.x86_1.0.100.v20080501////
R D/org.eclipse.equinox.launcher.win32.win32.x86_1.0.100.v20080201a////
R D/org.eclipse.equinox.launcher.win32.win32.x86_1.0.100.v20071112////
R D/org.eclipse.equinox.launcher.win32.win32.x86_1.0.100.v20071015////
R D/org.eclipse.equinox.launcher.win32.win32.x86_1.0.100.v20070827////
R D/org.eclipse.equinox.launcher.win32.win32.x86_1.0.100.v20070730////
R D/org.eclipse.equinox.launcher.win32.win32.x86_1.0.0.v20070523////
R D/org.eclipse.equinox.launcher.win32.win32.x86_1.0.0.v20070516////
R D/org.eclipse.equinox.launcher.win32.win32.x86_1.0.0.v20070426////
R D/org.eclipse.equinox.launcher.win32.win32.x86_1.0.0.v20070318////
R D/org.eclipse.equinox.launcher.win32.win32.x86_1.0.0.v20070208a////
R D/org.eclipse.equinox.launcher.gtk.linux.x86_1.0.200.v20081124-1800////
R D/org.eclipse.equinox.launcher.gtk.linux.x86_1.0.200.v20080805////
R D/org.eclipse.equinox.launcher.gtk.linux.x86_1.0.2.R33x_v20071005////
R D/org.eclipse.equinox.launcher.gtk.linux.x86_1.0.101.R34x_v20080805////
R D/org.eclipse.equinox.launcher.gtk.linux.x86_1.0.100.v20080606////
R D/org.eclipse.equinox.launcher.gtk.linux.x86_1.0.100.v20080509-1800////
R D/org.eclipse.equinox.launcher.gtk.linux.x86_1.0.100.v20080428-1330////
R D/org.eclipse.equinox.launcher.gtk.linux.x86_1.0.100.v20080303////
R D/org.eclipse.equinox.launcher.gtk.linux.x86_1.0.100.v20080201////
R D/org.eclipse.equinox.launcher.gtk.linux.x86_1.0.100.v20071112////
R D/org.eclipse.equinox.launcher.gtk.linux.x86_1.0.100.v20071015////
R D/org.eclipse.equinox.launcher.gtk.linux.x86_1.0.100.v20070827////
R D/org.eclipse.equinox.launcher.gtk.linux.x86_1.0.100.v20070730////
R D/org.eclipse.equinox.launcher.gtk.linux.x86_1.0.0.v20070606////
R D/org.eclipse.equinox.launcher.gtk.linux.x86_1.0.0.v20070516////
R D/org.eclipse.equinox.launcher.gtk.linux.x86_1.0.0.v20070426////
R D/org.eclipse.equinox.launcher.gtk.linux.x86_1.0.0.v20070318////
R D/org.eclipse.equinox.launcher.gtk.linux.x86_1.0.0.v20070208a////
R D/org.eclipse.equinox.launcher.gtk.linux.ppc_1.0.2.R33x_v20071005////
R D/org.eclipse.equinox.launcher.gtk.linux.ppc_1.0.100.v20080428-1330////
R D/org.eclipse.equinox.launcher.gtk.linux.ppc_1.0.100.v20080303////
R D/org.eclipse.equinox.launcher.gtk.linux.ppc_1.0.100.v20080201////
R D/org.eclipse.equinox.launcher.gtk.linux.ppc_1.0.100.v20071112////
R D/org.eclipse.equinox.launcher.gtk.linux.ppc_1.0.100.v20071015////
R D/org.eclipse.equinox.launcher.gtk.linux.ppc_1.0.100.v20070827////
R D/org.eclipse.equinox.launcher.gtk.linux.ppc_1.0.100.v20070730////
R D/org.eclipse.equinox.launcher.gtk.linux.ppc_1.0.0.v20070606////
R D/org.eclipse.equinox.launcher.gtk.linux.ppc_1.0.0.v20070516////
R D/org.eclipse.equinox.launcher.gtk.linux.ppc_1.0.0.v20070426////
R D/org.eclipse.equinox.launcher.gtk.linux.ppc_1.0.0.v20070318////
R D/org.eclipse.equinox.launcher.gtk.linux.ppc_1.0.0.v20070208a////
R D/org.eclipse.equinox.launcher.carbon.macosx_1.0.200.v20080807-1120////
R D/org.eclipse.equinox.launcher.carbon.macosx_1.0.101.R34x_v20080731////
R D/org.eclipse.equinox.launcher.carbon.macosx_1.0.100.v20080509-1800////
R D/org.eclipse.debug.ui_3.0.0////
R D/org.eclipse.debug.core_3.0.0////
R D/org.eclipse.core.variables_3.1.0////
R D/org.eclipse.core.variables_3.0.0////
R D/org.eclipse.core.runtime_3.1.0////
R D/org.eclipse.core.runtime_3.0.0////
R D/org.eclipse.core.runtime_2.1.1////
R D/org.eclipse.core.runtime_2.1.0////
R D/org.eclipse.core.runtime_2.0.0////
R D/org.eclipse.core.runtime.compatibility_3.1.0////
R D/org.eclipse.core.runtime.compatibility_3.0.0////
R D/org.eclipse.core.runtime.compatibility.registry_3.2.200.v20070717////
R D/org.eclipse.core.runtime.compatibility.registry_3.2.100.v20070316////
R D/org.eclipse.core.runtime.compatibility.registry_3.2.100.v20060828////
R D/org.eclipse.core.runtime.compatibility.registry_3.2.1.R32x_v20060907////
R D/org.eclipse.core.runtime.compatibility.registry_3.2.0.v20060603////
R D/org.eclipse.core.runtime.compatibility.registry_3.2.0.v20060602////
R D/org.eclipse.core.runtime.compatibility.registry_3.2.0.v20060426////
R D/org.eclipse.core.runtime.compatibility.registry_3.2.0.v20060411////
R D/org.eclipse.core.runtime.compatibility.registry_3.2.0.v20060215a////
R D/org.eclipse.core.runtime.compatibility.registry_3.2.0.v20060210////
R D/org.eclipse.core.resources_3.1.0////
R D/org.eclipse.core.resources_3.0.0////
R D/org.eclipse.core.resources_2.1.1////
R D/org.eclipse.core.resources_2.1.0////
R D/org.eclipse.core.resources_2.0.0////
R D/org.eclipse.core.resources.win32_3.0.0////
R D/org.eclipse.core.resources.win32_2.1.0////
R D/org.eclipse.core.resources.linux_3.0.0////
R D/org.eclipse.core.resources.linux_2.1.0////
R D/org.eclipse.core.resources.linux_2.0.0////
R D/org.eclipse.core.resources.compatibility_3.1.0////
R D/org.eclipse.core.filebuffers_3.1.0////
R D/org.eclipse.core.filebuffers_3.0.0////
R D/org.eclipse.core.expressions_3.2.0.v20060329-1600////
R D/org.eclipse.core.expressions_3.2.0.v20060215-1200////
R D/org.eclipse.core.expressions_3.2.0.v20060213-1600////
R D/org.eclipse.core.expressions_3.2.0.v20051212-0800////
R D/org.eclipse.core.expressions_3.1.0////
R D/org.eclipse.core.expressions_3.0.0////
R D/org.eclipse.core.commands_3.1.0////
R D/org.eclipse.core.boot_3.0.0////
R D/org.eclipse.core.boot_2.1.3////
R D/org.eclipse.core.boot_2.1.2////
R D/org.eclipse.core.boot_2.1.1////
R D/org.eclipse.core.boot_2.1.0////
R D/org.eclipse.core.boot_2.0.0////
R D/org.eclipse.compare_3.0.0////
R D/org.eclipse.ant.ui_3.0.0////
R D/org.eclipse.ant.core_3.1.0////
R D/org.eclipse.ant.core_3.0.0////
R D/org.eclipse.ant.core_2.1.3////
R D/org.eclipse.ant.core_2.1.1////
R D/org.eclipse.ant.core_2.1.0////
R D/org.eclipse.ant.core_2.0.0////
R D/org.apache.xerces_4.0.7////
R D/org.apache.xerces_4.0.3////
R D/org.apache.xerces_4.0.13////
R D/org.apache.lucene_1.4.3////
R D/org.apache.lucene_1.4.103.v20070115////
R D/org.apache.lucene_1.4.103.v20060601////
R D/org.apache.lucene_1.4.103.v20060510a////
R D/org.apache.lucene_1.4.103.v20060426////
R D/org.apache.lucene_1.4.103.v20060406////
R D/org.apache.lucene_1.4.103.v20060320////
R D/org.apache.lucene_1.4.103.v20051212////
R D/org.apache.lucene_1.3.0////
R D/org.apache.lucene_1.2.0////
R D/org.apache.ant_1.7.1////
R D/org.apache.ant_1.7.0.v200803061910////
R D/org.apache.ant_1.7.0.v200711021030////
R D/org.apache.ant_1.7.0.v200706080842////
R D/org.apache.ant_1.7.0.v200705232135////
R D/org.apache.ant_1.7.0.v200704241635////
R D/org.apache.ant_1.6.5////
R D/org.apache.ant_1.6.4////
R D/org.apache.ant_1.6.3////
R D/org.apache.ant_1.6.2////
R D/org.apache.ant_1.6.1////
R D/org.apache.ant_1.6.0////
R D/org.apache.ant_1.5.4////
R D/org.apache.ant_1.5.3////
R D/org.apache.ant_1.5.2////
R D/org.apache.ant_1.5.1////
R D/org.apache.ant_1.4.1////
